<?xml version="1.0" encoding="UTF-8"?>
<testng-results total="3" passed="3" failed="0" skipped="0">
  <reporter-output>
  </reporter-output>
  <suite started-at="2020-09-01T23:34:13Z" name="Default suite" finished-at="2020-09-01T23:34:18Z" duration-ms="5038">
    <groups>
    </groups>
    <test started-at="2020-09-01T23:34:13Z" name="Default test" finished-at="2020-09-01T23:34:18Z" duration-ms="5038">
      <class name="com.restassured.datadriven.DDD_add_new_employees">
        <test-method signature="add_new_employees(java.lang.String, java.lang.String, java.lang.String)[pri:0, instance:com.restassured.datadriven.DDD_add_new_employees@67e2d983]" started-at="2020-09-01T18:34:14Z" name="add_new_employees" data-provider="getTestData" finished-at="2020-09-01T18:34:16Z" duration-ms="2433" status="PASS">
          <params>
            <param index="0">
              <value>
                <![CDATA[Mithun]]>
              </value>
            </param>
            <param index="1">
              <value>
                <![CDATA[50000.0]]>
              </value>
            </param>
            <param index="2">
              <value>
                <![CDATA[23.0]]>
              </value>
            </param>
          </params>
          <reporter-output>
          </reporter-output>
        </test-method> <!-- add_new_employees -->
        <test-method signature="add_new_employees(java.lang.String, java.lang.String, java.lang.String)[pri:0, instance:com.restassured.datadriven.DDD_add_new_employees@67e2d983]" started-at="2020-09-01T18:34:16Z" name="add_new_employees" data-provider="getTestData" finished-at="2020-09-01T18:34:17Z" duration-ms="1072" status="PASS">
          <params>
            <param index="0">
              <value>
                <![CDATA[Mithra]]>
              </value>
            </param>
            <param index="1">
              <value>
                <![CDATA[60000.0]]>
              </value>
            </param>
            <param index="2">
              <value>
                <![CDATA[24.0]]>
              </value>
            </param>
          </params>
          <reporter-output>
          </reporter-output>
        </test-method> <!-- add_new_employees -->
        <test-method signature="add_new_employees(java.lang.String, java.lang.String, java.lang.String)[pri:0, instance:com.restassured.datadriven.DDD_add_new_employees@67e2d983]" started-at="2020-09-01T18:34:17Z" name="add_new_employees" data-provider="getTestData" finished-at="2020-09-01T18:34:18Z" duration-ms="1013" status="PASS">
          <params>
            <param index="0">
              <value>
                <![CDATA[Maya]]>
              </value>
            </param>
            <param index="1">
              <value>
                <![CDATA[70000.0]]>
              </value>
            </param>
            <param index="2">
              <value>
                <![CDATA[23.0]]>
              </value>
            </param>
          </params>
          <reporter-output>
          </reporter-output>
        </test-method> <!-- add_new_employees -->
      </class> <!-- com.restassured.datadriven.DDD_add_new_employees -->
    </test> <!-- Default test -->
  </suite> <!-- Default suite -->
</testng-results>
